[0m[[0m[0mdebug[0m] [0m[0m> Exec(;Test/compile; collectAnalyses, None, Some(CommandSource(network-1)))[0m
[0m[[0m[0mdebug[0m] [0m[0munmatched Processing event for requestId None: None[0m
[0m[[0m[0mdebug[0m] [0m[0munmatched Done event for requestId None: None[0m
[0m[[0m[0mdebug[0m] [0m[0m> Exec(Test/compile, None, Some(CommandSource(network-1)))[0m
[0m[[0m[0mdebug[0m] [0m[0munmatched Processing event for requestId None: None[0m
[0m[[0m[0mdebug[0m] [0m[0mEvaluating tasks: Test / compile[0m
[0m[[0m[0mdebug[0m] [0m[0mRunning task... Cancel: Signal, check cycles: false, forcegc: true[0m
[0m[[0m[0mdebug[0m] [0m[0mjsonRpcNotify: JsonRpcNotificationMessage(2.0, build/taskStart, {"taskId":{"id":"5","parents":[]},"eventTime":1656162892345,"message":"Compiling root","dataKind":"compile-task","data":{"target":{"uri":"file:/home/max/scala1/mylist/#root/Compile"}}})[0m
[0m[[0m[0minfo[0m] [0m[0mcompiling 1 Scala source to /home/max/scala1/mylist/target/scala-3.1.2/classes ...[0m
[0m[[0m[0mdebug[0m] [0m[0mjsonRpcNotify: JsonRpcNotificationMessage(2.0, build/logMessage, {"type":3,"message":"compiling 1 Scala source to /home/max/scala1/mylist/target/scala-3.1.2/classes ..."})[0m
[0m[[0m[0mdebug[0m] [0m[0mjsonRpcNotify: JsonRpcNotificationMessage(2.0, build/publishDiagnostics, {"textDocument":{"uri":"file:///home/max/scala1/mylist/src/main/scala/Main.scala"},"buildTarget":{"uri":"file:/home/max/scala1/mylist/#root/Compile"},"diagnostics":[{"range":{"start":{"line":226,"character":12},"end":{"line":226,"character":26}},"severity":1,"source":"sbt","message":"Not found: Multiplication"}],"reset":false})[0m
[0m[[0m[31merror[0m] [0m[0m[31m-- [E006] Not Found Error: /home/max/scala1/mylist/src/main/scala/Main.scala:227:12 [0m[0m
[0m[[0m[31merror[0m] [0m[0m[31m227 |[0m    println(Multiplication(firstMatrix, secondMatrix))[0m
[0m[[0m[31merror[0m] [0m[0m    |            [31m^^^^^^^^^^^^^^[0m[0m
[0m[[0m[31merror[0m] [0m[0m    |            Not found: Multiplication[0m
[0m[[0m[0mdebug[0m] [0m[0mjsonRpcNotify: JsonRpcNotificationMessage(2.0, build/logMessage, {"type":1,"message":"\u001b[31m-- [E006] Not Found Error: /home/max/scala1/mylist/src/main/scala/Main.scala:227:12 \u001b[0m\n\u001b[31m227 |\u001b[0m    println(Multiplication(firstMatrix, secondMatrix))\n    |            \u001b[31m^^^^^^^^^^^^^^\u001b[0m\n    |            Not found: Multiplication"})[0m
[0m[[0m[31merror[0m] [0m[0mone error found[0m
[0m[[0m[0mdebug[0m] [0m[0mjsonRpcNotify: JsonRpcNotificationMessage(2.0, build/logMessage, {"type":1,"message":"one error found"})[0m
[0m[[0m[0mdebug[0m] [0m[0mjsonRpcNotify: JsonRpcNotificationMessage(2.0, build/publishDiagnostics, {"textDocument":{"uri":"file:///home/max/scala1/mylist/src/main/scala/Main.scala"},"buildTarget":{"uri":"file:/home/max/scala1/mylist/#root/Compile"},"diagnostics":[{"range":{"start":{"line":226,"character":12},"end":{"line":226,"character":26}},"severity":1,"source":"sbt","message":"Not found: Multiplication"}],"reset":true})[0m
[0m[[0m[0mdebug[0m] [0m[0mjsonRpcNotify: JsonRpcNotificationMessage(2.0, build/taskFinish, {"taskId":{"id":"5","parents":[]},"eventTime":1656162897353,"message":"Compiled root","status":2,"dataKind":"compile-report","data":{"target":{"uri":"file:/home/max/scala1/mylist/#root/Compile"},"errors":1,"warnings":0,"time":5008}})[0m
[0m[[0m[0mdebug[0m] [0m[0mForcing garbage collection...[0m
[0m[[0m[0mdebug[0m] [0m[0munmatched json error for requestId None: {"code":-32603,"message":"(Compile / \u001b[31mcompileIncremental\u001b[0m) Compilation failed"}[0m
[0m[[0m[31merror[0m] [0m[0m(Compile / [31mcompileIncremental[0m) Compilation failed[0m
[0m[[0m[0mdebug[0m] [0m[0mjsonRpcNotify: JsonRpcNotificationMessage(2.0, build/logMessage, {"type":1,"message":"(Compile / \u001b[31mcompileIncremental\u001b[0m) Compilation failed"})[0m
[0m[[0m[31merror[0m] [0m[0mTotal time: 10 s, completed Jun 25, 2022 4:15:00 PM[0m
[0m[[0m[0mdebug[0m] [0m[0munmatched Done event for requestId None: None[0m
[0m[[0m[0mdebug[0m] [0m[0m> Exec(shell, None, None)[0m
