[0m[[0m[0mdebug[0m] [0m[0m> Exec(;Test/compile; collectAnalyses, None, Some(CommandSource(network-1)))[0m
[0m[[0m[0mdebug[0m] [0m[0munmatched Processing event for requestId None: None[0m
[0m[[0m[0mdebug[0m] [0m[0munmatched Done event for requestId None: None[0m
[0m[[0m[0mdebug[0m] [0m[0m> Exec(Test/compile, None, Some(CommandSource(network-1)))[0m
[0m[[0m[0mdebug[0m] [0m[0munmatched Processing event for requestId None: None[0m
[0m[[0m[0mdebug[0m] [0m[0mEvaluating tasks: Test / compile[0m
[0m[[0m[0mdebug[0m] [0m[0mRunning task... Cancel: Signal, check cycles: false, forcegc: true[0m
[0m[[0m[0mdebug[0m] [0m[0mjsonRpcNotify: JsonRpcNotificationMessage(2.0, build/taskStart, {"taskId":{"id":"3","parents":[]},"eventTime":1656186885560,"message":"Compiling root","dataKind":"compile-task","data":{"target":{"uri":"file:/home/max/scala1/mylist/#root/Compile"}}})[0m
[0m[[0m[0minfo[0m] [0m[0mcompiling 1 Scala source to /home/max/scala1/mylist/target/scala-3.1.2/classes ...[0m
[0m[[0m[0mdebug[0m] [0m[0mjsonRpcNotify: JsonRpcNotificationMessage(2.0, build/logMessage, {"type":3,"message":"compiling 1 Scala source to /home/max/scala1/mylist/target/scala-3.1.2/classes ..."})[0m
[0m[[0m[0mdebug[0m] [0m[0mjsonRpcNotify: JsonRpcNotificationMessage(2.0, build/publishDiagnostics, {"textDocument":{"uri":"file:///home/max/scala1/mylist/src/main/scala/Main.scala"},"buildTarget":{"uri":"file:/home/max/scala1/mylist/#root/Compile"},"diagnostics":[{"range":{"start":{"line":351,"character":20},"end":{"line":351,"character":27}},"severity":1,"source":"sbt","message":"value head is not a member of List[List[A]]"}],"reset":false})[0m
[0m[[0m[31merror[0m] [0m[0m[31m-- [E008] Not Found Error: /home/max/scala1/mylist/src/main/scala/Main.scala:352:23 [0m[0m
[0m[[0m[31merror[0m] [0m[0m[31m352 |[0m        [33mval[0m [36mfirst[0m = ys.head[0m
[0m[[0m[31merror[0m] [0m[0m    |                    [31m^^^^^^^[0m[0m
[0m[[0m[31merror[0m] [0m[0m    |                    value head is not a member of List[List[A]][0m
[0m[[0m[0mdebug[0m] [0m[0mjsonRpcNotify: JsonRpcNotificationMessage(2.0, build/logMessage, {"type":1,"message":"\u001b[31m-- [E008] Not Found Error: /home/max/scala1/mylist/src/main/scala/Main.scala:352:23 \u001b[0m\n\u001b[31m352 |\u001b[0m        \u001b[33mval\u001b[0m \u001b[36mfirst\u001b[0m = ys.head\n    |                    \u001b[31m^^^^^^^\u001b[0m\n    |                    value head is not a member of List[List[A]]"})[0m
[0m[[0m[0mdebug[0m] [0m[0mjsonRpcNotify: JsonRpcNotificationMessage(2.0, build/publishDiagnostics, {"textDocument":{"uri":"file:///home/max/scala1/mylist/src/main/scala/Main.scala"},"buildTarget":{"uri":"file:/home/max/scala1/mylist/#root/Compile"},"diagnostics":[{"range":{"start":{"line":355,"character":23},"end":{"line":355,"character":41}},"severity":1,"source":"sbt","message":"value ::: is not a member of List[Nothing]"}],"reset":false})[0m
[0m[[0m[31merror[0m] [0m[0m[31m-- [E008] Not Found Error: /home/max/scala1/mylist/src/main/scala/Main.scala:356:23 [0m[0m
[0m[[0m[31merror[0m] [0m[0m[31m356 |[0m          [33myield[0m acc(i) ::: List(first(i))[0m
[0m[[0m[31merror[0m] [0m[0m    |                       [31m^^^^^^^^^^^^^^^^^^[0m[0m
[0m[[0m[31merror[0m] [0m[0m    |                       value ::: is not a member of List[Nothing][0m
[0m[[0m[0mdebug[0m] [0m[0mjsonRpcNotify: JsonRpcNotificationMessage(2.0, build/logMessage, {"type":1,"message":"\u001b[31m-- [E008] Not Found Error: /home/max/scala1/mylist/src/main/scala/Main.scala:356:23 \u001b[0m\n\u001b[31m356 |\u001b[0m          \u001b[33myield\u001b[0m acc(i) ::: List(first(i))\n    |                       \u001b[31m^^^^^^^^^^^^^^^^^^\u001b[0m\n    |                       value ::: is not a member of List[Nothing]"})[0m
[0m[[0m[0mdebug[0m] [0m[0mjsonRpcNotify: JsonRpcNotificationMessage(2.0, build/publishDiagnostics, {"textDocument":{"uri":"file:///home/max/scala1/mylist/src/main/scala/Main.scala"},"buildTarget":{"uri":"file:/home/max/scala1/mylist/#root/Compile"},"diagnostics":[{"range":{"start":{"line":355,"character":16},"end":{"line":355,"character":19}},"severity":1,"source":"sbt","message":"\u001b[33mparameter\u001b[0m \u001b[35macc\u001b[0m does not take parameters"}],"reset":false})[0m
[0m[[0m[31merror[0m] [0m[0m[31m-- [E050] Type Error: /home/max/scala1/mylist/src/main/scala/Main.scala:356:16 -[0m[0m
[0m[[0m[31merror[0m] [0m[0m[31m356 |[0m          [33myield[0m acc(i) ::: List(first(i))[0m
[0m[[0m[31merror[0m] [0m[0m    |                [31m^^^[0m[0m
[0m[[0m[31merror[0m] [0m[0m    |                [33mparameter[0m [35macc[0m does not take parameters[0m
[0m[[0m[0mdebug[0m] [0m[0mjsonRpcNotify: JsonRpcNotificationMessage(2.0, build/logMessage, {"type":1,"message":"\u001b[31m-- [E050] Type Error: /home/max/scala1/mylist/src/main/scala/Main.scala:356:16 -\u001b[0m\n\u001b[31m356 |\u001b[0m          \u001b[33myield\u001b[0m acc(i) ::: List(first(i))\n    |                \u001b[31m^^^\u001b[0m\n    |                \u001b[33mparameter\u001b[0m \u001b[35macc\u001b[0m does not take parameters"})[0m
[0m[[0m[0mdebug[0m] [0m[0mjsonRpcNotify: JsonRpcNotificationMessage(2.0, build/publishDiagnostics, {"textDocument":{"uri":"file:///home/max/scala1/mylist/src/main/scala/Main.scala"},"buildTarget":{"uri":"file:/home/max/scala1/mylist/#root/Compile"},"diagnostics":[{"range":{"start":{"line":356,"character":24},"end":{"line":356,"character":37}},"severity":1,"source":"sbt","message":"Found:    List[Nothing]\nRequired: List[List[A]]"}],"reset":false})[0m
[0m[[0m[31merror[0m] [0m[0m[31m-- [E007] Type Mismatch Error: /home/max/scala1/mylist/src/main/scala/Main.scala:357:31 [0m[0m
[0m[[0m[31merror[0m] [0m[0m[31m357 |[0m        helper(ys.tail, newAcc.toList)[0m
[0m[[0m[31merror[0m] [0m[0m    |                        [31m^^^^^^^^^^^^^[0m[0m
[0m[[0m[31merror[0m] [0m[0m    |                        Found:    List[Nothing][0m
[0m[[0m[31merror[0m] [0m[0m    |                        Required: List[List[A]][0m
[0m[[0m[0mdebug[0m] [0m[0mjsonRpcNotify: JsonRpcNotificationMessage(2.0, build/logMessage, {"type":1,"message":"\u001b[31m-- [E007] Type Mismatch Error: /home/max/scala1/mylist/src/main/scala/Main.scala:357:31 \u001b[0m\n\u001b[31m357 |\u001b[0m        helper(ys.tail, newAcc.toList)\n    |                        \u001b[31m^^^^^^^^^^^^^\u001b[0m\n    |                        Found:    List[Nothing]\n    |                        Required: List[List[A]]"})[0m
[0m[[0m[0mdebug[0m] [0m[0mjsonRpcNotify: JsonRpcNotificationMessage(2.0, build/publishDiagnostics, {"textDocument":{"uri":"file:///home/max/scala1/mylist/src/main/scala/Main.scala"},"buildTarget":{"uri":"file:/home/max/scala1/mylist/#root/Compile"},"diagnostics":[{"range":{"start":{"line":357,"character":32},"end":{"line":357,"character":34}},"severity":1,"source":"sbt","message":"\u001b[33mparameter\u001b[0m \u001b[35mxs\u001b[0m does not take parameters"}],"reset":false})[0m
[0m[[0m[31merror[0m] [0m[0m[31m-- [E050] Type Error: /home/max/scala1/mylist/src/main/scala/Main.scala:358:32 -[0m[0m
[0m[[0m[31merror[0m] [0m[0m[31m358 |[0m    [33mval[0m [36macc[0m = ([33mfor[0m i <- [31m0[0m until xs([31m0[0m).length [33myield[0m List()).toList[0m
[0m[[0m[31merror[0m] [0m[0m    |                                [31m^^[0m[0m
[0m[[0m[31merror[0m] [0m[0m    |                                [33mparameter[0m [35mxs[0m does not take parameters[0m
[0m[[0m[0mdebug[0m] [0m[0mjsonRpcNotify: JsonRpcNotificationMessage(2.0, build/logMessage, {"type":1,"message":"\u001b[31m-- [E050] Type Error: /home/max/scala1/mylist/src/main/scala/Main.scala:358:32 -\u001b[0m\n\u001b[31m358 |\u001b[0m    \u001b[33mval\u001b[0m \u001b[36macc\u001b[0m = (\u001b[33mfor\u001b[0m i <- \u001b[31m0\u001b[0m until xs(\u001b[31m0\u001b[0m).length \u001b[33myield\u001b[0m List()).toList\n    |                                \u001b[31m^^\u001b[0m\n    |                                \u001b[33mparameter\u001b[0m \u001b[35mxs\u001b[0m does not take parameters"})[0m
[0m[[0m[0mdebug[0m] [0m[0mjsonRpcNotify: JsonRpcNotificationMessage(2.0, build/publishDiagnostics, {"textDocument":{"uri":"file:///home/max/scala1/mylist/src/main/scala/Main.scala"},"buildTarget":{"uri":"file:/home/max/scala1/mylist/#root/Compile"},"diagnostics":[{"range":{"start":{"line":358,"character":15},"end":{"line":358,"character":18}},"severity":1,"source":"sbt","message":"Found:    \u001b[1m\u001b[31m(\u001b[0m\u001b[1m\u001b[31macc\u001b[0m\u001b[1m\u001b[31m \u001b[0m\u001b[1m\u001b[31m:\u001b[0m\u001b[1m\u001b[31m \u001b[0mList[List[\u001b[1m\u001b[31mNothing\u001b[0m]]\u001b[1m\u001b[31m)\u001b[0m\nRequired: List[List[\u001b[1m\u001b[32mA\u001b[0m]]"}],"reset":false})[0m
[0m[[0m[31merror[0m] [0m[0m[31m-- [E007] Type Mismatch Error: /home/max/scala1/mylist/src/main/scala/Main.scala:359:15 [0m[0m
[0m[[0m[31merror[0m] [0m[0m[31m359 |[0m    helper(xs, acc)[0m
[0m[[0m[31merror[0m] [0m[0m    |               [31m^^^[0m[0m
[0m[[0m[31merror[0m] [0m[0m    |               Found:    [1m[31m([0m[1m[31macc[0m[1m[31m [0m[1m[31m:[0m[1m[31m [0mList[List[[1m[31mNothing[0m]][1m[31m)[0m[0m
[0m[[0m[31merror[0m] [0m[0m    |               Required: List[List[[1m[32mA[0m]][0m
[0m[[0m[0mdebug[0m] [0m[0mjsonRpcNotify: JsonRpcNotificationMessage(2.0, build/logMessage, {"type":1,"message":"\u001b[31m-- [E007] Type Mismatch Error: /home/max/scala1/mylist/src/main/scala/Main.scala:359:15 \u001b[0m\n\u001b[31m359 |\u001b[0m    helper(xs, acc)\n    |               \u001b[31m^^^\u001b[0m\n    |               Found:    \u001b[1m\u001b[31m(\u001b[0m\u001b[1m\u001b[31macc\u001b[0m\u001b[1m\u001b[31m \u001b[0m\u001b[1m\u001b[31m:\u001b[0m\u001b[1m\u001b[31m \u001b[0mList[List[\u001b[1m\u001b[31mNothing\u001b[0m]]\u001b[1m\u001b[31m)\u001b[0m\n    |               Required: List[List[\u001b[1m\u001b[32mA\u001b[0m]]"})[0m
[0m[[0m[0mdebug[0m] [0m[0mjsonRpcNotify: JsonRpcNotificationMessage(2.0, build/publishDiagnostics, {"textDocument":{"uri":"file:///home/max/scala1/mylist/src/main/scala/Main.scala"},"buildTarget":{"uri":"file:/home/max/scala1/mylist/#root/Compile"},"diagnostics":[{"range":{"start":{"line":436,"character":8},"end":{"line":436,"character":49}},"severity":1,"source":"sbt","message":"value transpose is not a member of List[List[Int]]"}],"reset":false})[0m
[0m[[0m[31merror[0m] [0m[0m[31m-- [E008] Not Found Error: /home/max/scala1/mylist/src/main/scala/Main.scala:437:40 [0m[0m
[0m[[0m[31merror[0m] [0m[0m[31m437 |[0m  print((List(List([31m1[0m,[31m2[0m,[31m3[0m),List([31m3[0m,[31m4[0m,[31m5[0m))).transpose)[0m
[0m[[0m[31merror[0m] [0m[0m    |        [31m^^^^^^^^^^^^^^^^^^^^^^^^^^^^^^^^^^^^^^^^^[0m[0m
[0m[[0m[31merror[0m] [0m[0m    |        value transpose is not a member of List[List[Int]][0m
[0m[[0m[0mdebug[0m] [0m[0mjsonRpcNotify: JsonRpcNotificationMessage(2.0, build/logMessage, {"type":1,"message":"\u001b[31m-- [E008] Not Found Error: /home/max/scala1/mylist/src/main/scala/Main.scala:437:40 \u001b[0m\n\u001b[31m437 |\u001b[0m  print((List(List(\u001b[31m1\u001b[0m,\u001b[31m2\u001b[0m,\u001b[31m3\u001b[0m),List(\u001b[31m3\u001b[0m,\u001b[31m4\u001b[0m,\u001b[31m5\u001b[0m))).transpose)\n    |        \u001b[31m^^^^^^^^^^^^^^^^^^^^^^^^^^^^^^^^^^^^^^^^^\u001b[0m\n    |        value transpose is not a member of List[List[Int]]"})[0m
[0m[[0m[31merror[0m] [0m[0m7 errors found[0m
[0m[[0m[0mdebug[0m] [0m[0mjsonRpcNotify: JsonRpcNotificationMessage(2.0, build/logMessage, {"type":1,"message":"7 errors found"})[0m
[0m[[0m[0mdebug[0m] [0m[0mjsonRpcNotify: JsonRpcNotificationMessage(2.0, build/publishDiagnostics, {"textDocument":{"uri":"file:///home/max/scala1/mylist/src/main/scala/Main.scala"},"buildTarget":{"uri":"file:/home/max/scala1/mylist/#root/Compile"},"diagnostics":[{"range":{"start":{"line":351,"character":20},"end":{"line":351,"character":27}},"severity":1,"source":"sbt","message":"value head is not a member of List[List[A]]"},{"range":{"start":{"line":355,"character":23},"end":{"line":355,"character":41}},"severity":1,"source":"sbt","message":"value ::: is not a member of List[Nothing]"},{"range":{"start":{"line":355,"character":16},"end":{"line":355,"character":19}},"severity":1,"source":"sbt","message":"\u001b[33mparameter\u001b[0m \u001b[35macc\u001b[0m does not take parameters"},{"range":{"start":{"line":356,"character":24},"end":{"line":356,"character":37}},"severity":1,"source":"sbt","message":"Found:    List[Nothing]\nRequired: List[List[A]]"},{"range":{"start":{"line":357,"character":32},"end":{"line":357,"character":34}},"severity":1,"source":"sbt","message":"\u001b[33mparameter\u001b[0m \u001b[35mxs\u001b[0m does not take parameters"},{"range":{"start":{"line":358,"character":15},"end":{"line":358,"character":18}},"severity":1,"source":"sbt","message":"Found:    \u001b[1m\u001b[31m(\u001b[0m\u001b[1m\u001b[31macc\u001b[0m\u001b[1m\u001b[31m \u001b[0m\u001b[1m\u001b[31m:\u001b[0m\u001b[1m\u001b[31m \u001b[0mList[List[\u001b[1m\u001b[31mNothing\u001b[0m]]\u001b[1m\u001b[31m)\u001b[0m\nRequired: List[List[\u001b[1m\u001b[32mA\u001b[0m]]"},{"range":{"start":{"line":436,"character":8},"end":{"line":436,"character":49}},"severity":1,"source":"sbt","message":"value transpose is not a member of List[List[Int]]"}],"reset":true})[0m
[0m[[0m[0mdebug[0m] [0m[0mjsonRpcNotify: JsonRpcNotificationMessage(2.0, build/taskFinish, {"taskId":{"id":"3","parents":[]},"eventTime":1656186923583,"message":"Compiled root","status":2,"dataKind":"compile-report","data":{"target":{"uri":"file:/home/max/scala1/mylist/#root/Compile"},"errors":7,"warnings":0,"time":38023}})[0m
[0m[[0m[0mdebug[0m] [0m[0munmatched json error for requestId None: {"code":-32603,"message":"(Compile / \u001b[31mcompileIncremental\u001b[0m) Compilation failed"}[0m
[0m[[0m[31merror[0m] [0m[0m(Compile / [31mcompileIncremental[0m) Compilation failed[0m
[0m[[0m[0mdebug[0m] [0m[0mjsonRpcNotify: JsonRpcNotificationMessage(2.0, build/logMessage, {"type":1,"message":"(Compile / \u001b[31mcompileIncremental\u001b[0m) Compilation failed"})[0m
[0m[[0m[31merror[0m] [0m[0mTotal time: 50 s, completed Jun 25, 2022 10:55:24 PM[0m
[0m[[0m[0mdebug[0m] [0m[0munmatched Done event for requestId None: None[0m
[0m[[0m[0mdebug[0m] [0m[0m> Exec(shell, None, None)[0m
[0m[[0m[0mdebug[0m] [0m[0mForcing garbage collection...[0m
