[0m[[0m[0mdebug[0m] [0m[0m> Exec(;Test/compile; collectAnalyses, None, Some(CommandSource(network-1)))[0m
[0m[[0m[0mdebug[0m] [0m[0munmatched Processing event for requestId None: None[0m
[0m[[0m[0mdebug[0m] [0m[0munmatched Done event for requestId None: None[0m
[0m[[0m[0mdebug[0m] [0m[0m> Exec(Test/compile, None, Some(CommandSource(network-1)))[0m
[0m[[0m[0mdebug[0m] [0m[0munmatched Processing event for requestId None: None[0m
[0m[[0m[0mdebug[0m] [0m[0mEvaluating tasks: Test / compile[0m
[0m[[0m[0mdebug[0m] [0m[0mRunning task... Cancel: Signal, check cycles: false, forcegc: true[0m
[0m[[0m[0mdebug[0m] [0m[0mjsonRpcNotify: JsonRpcNotificationMessage(2.0, build/taskStart, {"taskId":{"id":"61","parents":[]},"eventTime":1656183645591,"message":"Compiling root","dataKind":"compile-task","data":{"target":{"uri":"file:/home/max/scala1/mylist/#root/Compile"}}})[0m
[0m[[0m[0minfo[0m] [0m[0mcompiling 1 Scala source to /home/max/scala1/mylist/target/scala-3.1.2/classes ...[0m
[0m[[0m[0mdebug[0m] [0m[0mjsonRpcNotify: JsonRpcNotificationMessage(2.0, build/logMessage, {"type":3,"message":"compiling 1 Scala source to /home/max/scala1/mylist/target/scala-3.1.2/classes ..."})[0m
[0m[[0m[0mdebug[0m] [0m[0mjsonRpcNotify: JsonRpcNotificationMessage(2.0, build/publishDiagnostics, {"textDocument":{"uri":"file:///home/max/scala1/mylist/src/main/scala/Main.scala"},"buildTarget":{"uri":"file:/home/max/scala1/mylist/#root/Compile"},"diagnostics":[{"range":{"start":{"line":422,"character":8},"end":{"line":422,"character":30}},"severity":1,"source":"sbt","message":"value sums is not a member of (List[Int], Int) - did you mean (List[Int], Int).size?"}],"reset":false})[0m
[0m[[0m[31merror[0m] [0m[0m[31m-- [E008] Not Found Error: /home/max/scala1/mylist/src/main/scala/Main.scala:423:26 [0m[0m
[0m[[0m[31merror[0m] [0m[0m[31m423 |[0m  print((List([31m1[0m, [31m2[0m, [31m3[0m),[31m0[0m).sums)[0m
[0m[[0m[31merror[0m] [0m[0m    |        [31m^^^^^^^^^^^^^^^^^^^^^^[0m[0m
[0m[[0m[31merror[0m] [0m[0m    |value sums is not a member of (List[Int], Int) - did you mean (List[Int], Int).size?[0m
[0m[[0m[0mdebug[0m] [0m[0mjsonRpcNotify: JsonRpcNotificationMessage(2.0, build/logMessage, {"type":1,"message":"\u001b[31m-- [E008] Not Found Error: /home/max/scala1/mylist/src/main/scala/Main.scala:423:26 \u001b[0m\n\u001b[31m423 |\u001b[0m  print((List(\u001b[31m1\u001b[0m, \u001b[31m2\u001b[0m, \u001b[31m3\u001b[0m),\u001b[31m0\u001b[0m).sums)\n    |        \u001b[31m^^^^^^^^^^^^^^^^^^^^^^\u001b[0m\n    |value sums is not a member of (List[Int], Int) - did you mean (List[Int], Int).size?"})[0m
[0m[[0m[31merror[0m] [0m[0mone error found[0m
[0m[[0m[0mdebug[0m] [0m[0mjsonRpcNotify: JsonRpcNotificationMessage(2.0, build/logMessage, {"type":1,"message":"one error found"})[0m
[0m[[0m[0mdebug[0m] [0m[0mjsonRpcNotify: JsonRpcNotificationMessage(2.0, build/publishDiagnostics, {"textDocument":{"uri":"file:///home/max/scala1/mylist/src/main/scala/Main.scala"},"buildTarget":{"uri":"file:/home/max/scala1/mylist/#root/Compile"},"diagnostics":[{"range":{"start":{"line":422,"character":8},"end":{"line":422,"character":30}},"severity":1,"source":"sbt","message":"value sums is not a member of (List[Int], Int) - did you mean (List[Int], Int).size?"}],"reset":true})[0m
[0m[[0m[0mdebug[0m] [0m[0mjsonRpcNotify: JsonRpcNotificationMessage(2.0, build/taskFinish, {"taskId":{"id":"61","parents":[]},"eventTime":1656183648208,"message":"Compiled root","status":2,"dataKind":"compile-report","data":{"target":{"uri":"file:/home/max/scala1/mylist/#root/Compile"},"errors":1,"warnings":0,"time":2617}})[0m
[0m[[0m[0mdebug[0m] [0m[0munmatched json error for requestId None: {"code":-32603,"message":"(Compile / \u001b[31mcompileIncremental\u001b[0m) Compilation failed"}[0m
[0m[[0m[31merror[0m] [0m[0m(Compile / [31mcompileIncremental[0m) Compilation failed[0m
[0m[[0m[0mdebug[0m] [0m[0mjsonRpcNotify: JsonRpcNotificationMessage(2.0, build/logMessage, {"type":1,"message":"(Compile / \u001b[31mcompileIncremental\u001b[0m) Compilation failed"})[0m
[0m[[0m[31merror[0m] [0m[0mTotal time: 3 s, completed Jun 25, 2022 10:00:48 PM[0m
[0m[[0m[0mdebug[0m] [0m[0munmatched Done event for requestId None: None[0m
[0m[[0m[0mdebug[0m] [0m[0m> Exec(shell, None, None)[0m
[0m[[0m[0mdebug[0m] [0m[0mForcing garbage collection...[0m
