[0m[[0m[0mdebug[0m] [0m[0m> Exec(;Test/compile; collectAnalyses, None, Some(CommandSource(network-1)))[0m
[0m[[0m[0mdebug[0m] [0m[0munmatched Processing event for requestId None: None[0m
[0m[[0m[0mdebug[0m] [0m[0munmatched Done event for requestId None: None[0m
[0m[[0m[0mdebug[0m] [0m[0m> Exec(Test/compile, None, Some(CommandSource(network-1)))[0m
[0m[[0m[0mdebug[0m] [0m[0munmatched Processing event for requestId None: None[0m
[0m[[0m[0mdebug[0m] [0m[0mEvaluating tasks: Test / compile[0m
[0m[[0m[0mdebug[0m] [0m[0mRunning task... Cancel: Signal, check cycles: false, forcegc: true[0m
[0m[[0m[0mdebug[0m] [0m[0mjsonRpcNotify: JsonRpcNotificationMessage(2.0, build/taskStart, {"taskId":{"id":"40","parents":[]},"eventTime":1656348299687,"message":"Compiling root","dataKind":"compile-task","data":{"target":{"uri":"file:/home/max/scala1/mylist/#root/Compile"}}})[0m
[0m[[0m[0mdebug[0m] [0m[0mjsonRpcNotify: JsonRpcNotificationMessage(2.0, build/publishDiagnostics, {"textDocument":{"uri":"file:///home/max/scala1/mylist/src/main/scala/Main.scala"},"buildTarget":{"uri":"file:/home/max/scala1/mylist/#root/Compile"},"diagnostics":[],"reset":true})[0m
[0m[[0m[0mdebug[0m] [0m[0mjsonRpcNotify: JsonRpcNotificationMessage(2.0, build/taskFinish, {"taskId":{"id":"40","parents":[]},"eventTime":1656348299711,"message":"Compiled root","status":1,"dataKind":"compile-report","data":{"target":{"uri":"file:/home/max/scala1/mylist/#root/Compile"},"errors":0,"warnings":0,"time":24}})[0m
[0m[[0m[0mdebug[0m] [0m[0mjsonRpcNotify: JsonRpcNotificationMessage(2.0, build/taskStart, {"taskId":{"id":"41","parents":[]},"eventTime":1656348299737,"message":"Compiling root-test","dataKind":"compile-task","data":{"target":{"uri":"file:/home/max/scala1/mylist/#root/Test"}}})[0m
[0m[[0m[0mdebug[0m] [0m[0mjsonRpcNotify: JsonRpcNotificationMessage(2.0, build/publishDiagnostics, {"textDocument":{"uri":"file:///home/max/scala1/mylist/src/test/scala/MySuite.scala"},"buildTarget":{"uri":"file:/home/max/scala1/mylist/#root/Test"},"diagnostics":[],"reset":true})[0m
[0m[[0m[0mdebug[0m] [0m[0mjsonRpcNotify: JsonRpcNotificationMessage(2.0, build/taskFinish, {"taskId":{"id":"41","parents":[]},"eventTime":1656348299772,"message":"Compiled root-test","status":1,"dataKind":"compile-report","data":{"target":{"uri":"file:/home/max/scala1/mylist/#root/Test"},"errors":0,"warnings":0,"time":35}})[0m
[0m[[0m[0mdebug[0m] [0m[0mForcing garbage collection...[0m
[0m[[0m[32msuccess[0m] [0m[0mTotal time: 1 s, completed Jun 27, 2022 7:45:00 PM[0m
[0m[[0m[0mdebug[0m] [0m[0munmatched Done event for requestId None: None[0m
[0m[[0m[0mdebug[0m] [0m[0m> Exec(collectAnalyses, None, Some(CommandSource(network-1)))[0m
[0m[[0m[0mdebug[0m] [0m[0munmatched Processing event for requestId None: None[0m
[0m[[0m[0mdebug[0m] [0m[0mEvaluating tasks: Compile / collectAnalyses[0m
[0m[[0m[0mdebug[0m] [0m[0mRunning task... Cancel: Signal, check cycles: false, forcegc: true[0m
[0m[[0m[0mdebug[0m] [0m[0manalysis location (/home/max/scala1/mylist/target/scala-3.1.2/zinc/inc_compile_3.zip,true)[0m
[0m[[0m[32msuccess[0m] [0m[0mTotal time: 0 s, completed Jun 27, 2022 7:45:00 PM[0m
[0m[[0m[0mdebug[0m] [0m[0munmatched Done event for requestId None: None[0m
[0m[[0m[0mdebug[0m] [0m[0m> Exec(shell, None, None)[0m
[0m[[0m[0mdebug[0m] [0m[0mlsp-definition json request: {"textDocument":{"uri":"file:///home/max/scala1/mylist/src/test/scala/MySuite.scala"},"position":{"line":120,"character":33}}[0m
[0m[[0m[0mdebug[0m] [0m[0mUnhandled notification received: $/cancelRequest: JsonRpcNotificationMessage(2.0, $/cancelRequest, {"id":20})[0m
[0m[[0m[0mdebug[0m] [0m[0mlsp-definition found line:     val expected = dotProduct_old(List(-2,3),List(1,2))[0m
[0m[[0m[0mdebug[0m] [0m[0mlsp-definition json request: {"textDocument":{"uri":"file:///home/max/scala1/mylist/src/test/scala/MySuite.scala"},"position":{"line":127,"character":33}}[0m
[0m[[0m[0mdebug[0m] [0m[0mlsp-definition found line:     assertEquals(obtained, expected)[0m
[0m[[0m[0mdebug[0m] [0m[0msymbol expected[0m
[0m[[0m[0mdebug[0m] [0m[0mlsp-definition potentials: Set()[0m
[0m[[0m[0mdebug[0m] [0m[0mlsp-definition locations Vector()[0m
[0m[[0m[0mdebug[0m] [0m[0msymbol dotProduct_old[0m
[0m[[0m[0mdebug[0m] [0m[0mlsp-definition potentials: Set()[0m
[0m[[0m[0mdebug[0m] [0m[0mlsp-definition locations Vector()[0m
