2022.06.19 17:10:07 INFO  tracing is disabled for protocol LSP, to enable tracing of incoming and outgoing JSON messages create an empty file at /home/max/scala1/mylist/.metals/lsp.trace.json or /home/max/.cache/metals/lsp.trace.json[0m
2022.06.19 17:10:13 INFO  logging to file /home/max/scala1/mylist/.metals/metals.log[0m
2022.06.19 17:10:13 INFO  Started: Metals version 0.11.6+103-1d8f5fdf-SNAPSHOT in workspace '/home/max/scala1/mylist' for client Visual Studio Code 1.68.1.[0m
2022.06.19 17:10:18 INFO  time: initialize in 6.17s[0m
2022.06.19 17:10:24 WARN  Flyway upgrade recommended: H2 2.1.214 is newer than this version of Flyway and support has not been tested. The latest supported version of H2 is 2.1.210.[0m
2022.06.19 17:10:27 WARN  Build server is not auto-connectable.[0m
2022.06.19 17:10:31 WARN  no build target for: /home/max/scala1/mylist/src/main/scala/Main.scala[0m
Jun 19, 2022 5:10:35 PM org.eclipse.lsp4j.jsonrpc.RemoteEndpoint handleCancellation
WARNING: Unmatched cancel notification for request id 1
Jun 19, 2022 5:10:35 PM org.eclipse.lsp4j.jsonrpc.RemoteEndpoint handleCancellation
WARNING: Unmatched cancel notification for request id 8
Jun 19, 2022 5:10:35 PM org.eclipse.lsp4j.jsonrpc.RemoteEndpoint handleCancellation
WARNING: Unmatched cancel notification for request id 9
Jun 19, 2022 5:10:35 PM org.eclipse.lsp4j.jsonrpc.RemoteEndpoint handleCancellation
WARNING: Unmatched cancel notification for request id 4
Jun 19, 2022 5:10:36 PM org.eclipse.lsp4j.jsonrpc.RemoteEndpoint fallbackResponseError
SEVERE: Internal error: java.lang.reflect.InvocationTargetException
java.lang.RuntimeException: java.lang.reflect.InvocationTargetException
	at org.eclipse.lsp4j.jsonrpc.services.GenericEndpoint.lambda$null$0(GenericEndpoint.java:67)
	at org.eclipse.lsp4j.jsonrpc.services.GenericEndpoint.request(GenericEndpoint.java:120)
	at org.eclipse.lsp4j.jsonrpc.RemoteEndpoint.handleRequest(RemoteEndpoint.java:261)
	at org.eclipse.lsp4j.jsonrpc.RemoteEndpoint.consume(RemoteEndpoint.java:190)
	at org.eclipse.lsp4j.jsonrpc.json.StreamMessageProducer.handleMessage(StreamMessageProducer.java:194)
	at org.eclipse.lsp4j.jsonrpc.json.StreamMessageProducer.listen(StreamMessageProducer.java:94)
	at org.eclipse.lsp4j.jsonrpc.json.ConcurrentMessageProcessor.run(ConcurrentMessageProcessor.java:113)
	at java.util.concurrent.Executors$RunnableAdapter.call(Executors.java:511)
	at java.util.concurrent.FutureTask.run(FutureTask.java:266)
	at java.util.concurrent.ThreadPoolExecutor.runWorker(ThreadPoolExecutor.java:1149)
	at java.util.concurrent.ThreadPoolExecutor$Worker.run(ThreadPoolExecutor.java:624)
	at java.lang.Thread.run(Thread.java:748)
Caused by: java.lang.reflect.InvocationTargetException
	at sun.reflect.NativeMethodAccessorImpl.invoke0(Native Method)
	at sun.reflect.NativeMethodAccessorImpl.invoke(NativeMethodAccessorImpl.java:62)
	at sun.reflect.DelegatingMethodAccessorImpl.invoke(DelegatingMethodAccessorImpl.java:43)
	at java.lang.reflect.Method.invoke(Method.java:498)
	at org.eclipse.lsp4j.jsonrpc.services.GenericEndpoint.lambda$null$0(GenericEndpoint.java:65)
	... 11 more
Caused by: java.lang.IllegalArgumentException: 70 is not a valid line number, allowed [0..1]
	at scala.meta.internal.inputs.InternalInput.lineToOffset(InternalInput.scala:37)
	at scala.meta.internal.inputs.InternalInput.lineToOffset$(InternalInput.scala:32)
	at scala.meta.inputs.Input$VirtualFile.lineToOffset(Input.scala:80)
	at scala.meta.inputs.Position$Range$.apply(Position.scala:59)
	at scala.meta.internal.mtags.MtagsEnrichments$XtensionPositionLspInverse.toMeta(MtagsEnrichments.scala:179)
	at scala.meta.internal.parsing.Trees.$anonfun$findLastEnclosingAt$4(Trees.scala:76)
	at scala.Option.flatMap(Option.scala:283)
	at scala.meta.internal.parsing.Trees.findLastEnclosingAt(Trees.scala:75)
	at scala.meta.internal.metals.codeactions.PatternMatchRefactor.contribute(PatternMatchRefactor.scala:96)
	at scala.meta.internal.metals.CodeActionProvider$$anonfun$1.applyOrElse(CodeActionProvider.scala:64)
	at scala.meta.internal.metals.CodeActionProvider$$anonfun$1.applyOrElse(CodeActionProvider.scala:63)
	at scala.collection.immutable.List.collect(List.scala:275)
	at scala.meta.internal.metals.CodeActionProvider.codeActions(CodeActionProvider.scala:63)
	at scala.meta.internal.metals.MetalsLanguageServer.$anonfun$codeAction$1(MetalsLanguageServer.scala:1652)
	at scala.meta.internal.metals.CancelTokens$.future(CancelTokens.scala:38)
	at scala.meta.internal.metals.MetalsLanguageServer.codeAction(MetalsLanguageServer.scala:1651)
	... 16 more

Jun 19, 2022 5:10:36 PM org.eclipse.lsp4j.jsonrpc.RemoteEndpoint handleCancellation
WARNING: Unmatched cancel notification for request id 2
2022.06.19 17:10:36 INFO  running '/home/max/.cache/coursier/arc/https/github.com/AdoptOpenJDK/openjdk8-binaries/releases/download/jdk8u292-b10/OpenJDK8U-jdk_x64_linux_hotspot_8u292b10.tar.gz/jdk8u292-b10/bin/java -Djline.terminal=jline.UnsupportedTerminal -Dsbt.log.noformat=true -Dfile.encoding=UTF-8 -jar /tmp/metals4282106969166253227/sbt-launch.jar -Dbloop.export-jar-classifiers=sources bloopInstall'[0m
2022.06.19 17:11:02 INFO  no build target found for /home/max/scala1/mylist/src/main/scala/Main.scala. Using presentation compiler with project's scala-library version: 3.1.2[0m
2022.06.19 17:11:04 INFO  [info] welcome to sbt 1.6.2 (AdoptOpenJDK Java 1.8.0_292)[0m
2022.06.19 17:11:05 WARN  no build target for: /home/max/scala1/mylist/project/metals.sbt[0m
2022.06.19 17:11:05 WARN  no build target for: /home/max/scala1/mylist/project/project/metals.sbt[0m
2022.06.19 17:11:06 WARN  no build target for: /home/max/scala1/mylist/src/test/scala/MySuite.scala[0m
2022.06.19 17:11:05 INFO  skipping build import with status 'Started'[0m
Jun 19, 2022 5:11:06 PM org.eclipse.lsp4j.jsonrpc.RemoteEndpoint handleCancellation
WARNING: Unmatched cancel notification for request id 22
Jun 19, 2022 5:11:07 PM org.eclipse.lsp4j.jsonrpc.RemoteEndpoint fallbackResponseError
SEVERE: Internal error: java.lang.reflect.InvocationTargetException
java.lang.RuntimeException: java.lang.reflect.InvocationTargetException
	at org.eclipse.lsp4j.jsonrpc.services.GenericEndpoint.lambda$null$0(GenericEndpoint.java:67)
	at org.eclipse.lsp4j.jsonrpc.services.GenericEndpoint.request(GenericEndpoint.java:120)
	at org.eclipse.lsp4j.jsonrpc.RemoteEndpoint.handleRequest(RemoteEndpoint.java:261)
	at org.eclipse.lsp4j.jsonrpc.RemoteEndpoint.consume(RemoteEndpoint.java:190)
	at org.eclipse.lsp4j.jsonrpc.json.StreamMessageProducer.handleMessage(StreamMessageProducer.java:194)
	at org.eclipse.lsp4j.jsonrpc.json.StreamMessageProducer.listen(StreamMessageProducer.java:94)
	at org.eclipse.lsp4j.jsonrpc.json.ConcurrentMessageProcessor.run(ConcurrentMessageProcessor.java:113)
	at java.util.concurrent.Executors$RunnableAdapter.call(Executors.java:511)
	at java.util.concurrent.FutureTask.run(FutureTask.java:266)
	at java.util.concurrent.ThreadPoolExecutor.runWorker(ThreadPoolExecutor.java:1149)
	at java.util.concurrent.ThreadPoolExecutor$Worker.run(ThreadPoolExecutor.java:624)
	at java.lang.Thread.run(Thread.java:748)
Caused by: java.lang.reflect.InvocationTargetException
	at sun.reflect.NativeMethodAccessorImpl.invoke0(Native Method)
	at sun.reflect.NativeMethodAccessorImpl.invoke(NativeMethodAccessorImpl.java:62)
	at sun.reflect.DelegatingMethodAccessorImpl.invoke(DelegatingMethodAccessorImpl.java:43)
	at java.lang.reflect.Method.invoke(Method.java:498)
	at org.eclipse.lsp4j.jsonrpc.services.GenericEndpoint.lambda$null$0(GenericEndpoint.java:65)
	... 11 more
Caused by: java.lang.IllegalArgumentException: 138 is not a valid line number, allowed [0..0]
	at scala.meta.internal.inputs.InternalInput.lineToOffset(InternalInput.scala:37)
	at scala.meta.internal.inputs.InternalInput.lineToOffset$(InternalInput.scala:32)
	at scala.meta.inputs.Input$VirtualFile.lineToOffset(Input.scala:80)
	at scala.meta.inputs.Position$Range$.apply(Position.scala:59)
	at scala.meta.internal.mtags.MtagsEnrichments$XtensionPositionLspInverse.toMeta(MtagsEnrichments.scala:179)
	at scala.meta.internal.parsing.Trees.$anonfun$findLastEnclosingAt$4(Trees.scala:76)
	at scala.Option.flatMap(Option.scala:283)
	at scala.meta.internal.parsing.Trees.findLastEnclosingAt(Trees.scala:75)
	at scala.meta.internal.metals.codeactions.PatternMatchRefactor.contribute(PatternMatchRefactor.scala:96)
	at scala.meta.internal.metals.CodeActionProvider$$anonfun$1.applyOrElse(CodeActionProvider.scala:64)
	at scala.meta.internal.metals.CodeActionProvider$$anonfun$1.applyOrElse(CodeActionProvider.scala:63)
	at scala.collection.immutable.List.collect(List.scala:275)
	at scala.meta.internal.metals.CodeActionProvider.codeActions(CodeActionProvider.scala:63)
	at scala.meta.internal.metals.MetalsLanguageServer.$anonfun$codeAction$1(MetalsLanguageServer.scala:1652)
	at scala.meta.internal.metals.CancelTokens$.future(CancelTokens.scala:38)
	at scala.meta.internal.metals.MetalsLanguageServer.codeAction(MetalsLanguageServer.scala:1651)
	... 16 more

2022.06.19 17:11:40 INFO  [info] loading settings for project mylist-build-build from metals.sbt ...[0m
2022.06.19 17:11:42 INFO  time: code lens generation in 35s[0m
2022.06.19 17:11:42 INFO  time: code lens generation in 35s[0m
2022.06.19 17:11:42 INFO  time: code lens generation in 35s[0m
2022.06.19 17:11:42 INFO  time: code lens generation in 35s[0m
2022.06.19 17:11:42 INFO  time: code lens generation in 35s[0m
2022.06.19 17:11:43 WARN  no build target for: /home/max/scala1/mylist/src/test/scala/MySuite.scala[0m
Jun 19, 2022 5:11:43 PM org.eclipse.lsp4j.jsonrpc.RemoteEndpoint handleCancellation
WARNING: Unmatched cancel notification for request id 32
Jun 19, 2022 5:11:43 PM org.eclipse.lsp4j.jsonrpc.RemoteEndpoint handleCancellation
WARNING: Unmatched cancel notification for request id 39
2022.06.19 17:11:44 INFO  time: code lens generation in 1m7s[0m
2022.06.19 17:11:44 INFO  time: code lens generation in 1m8s[0m
2022.06.19 17:11:44 INFO  time: code lens generation in 1m8s[0m
2022.06.19 17:11:44 INFO  time: code lens generation in 1m8s[0m
2022.06.19 17:11:44 INFO  time: code lens generation in 1m9s[0m
2022.06.19 17:11:49 INFO  [info] loading project definition from /home/max/scala1/mylist/project/project[0m
2022.06.19 17:12:07 INFO  [info] loading settings for project mylist-build from metals.sbt ...[0m
2022.06.19 17:12:09 INFO  [info] loading project definition from /home/max/scala1/mylist/project[0m
2022.06.19 17:12:23 INFO  [success] Generated .bloop/mylist-build.json[0m
2022.06.19 17:12:23 INFO  [success] Total time: 15 s, completed Jun 19, 2022 5:12:24 PM[0m
2022.06.19 17:12:31 INFO  [info] loading settings for project root from build.sbt ...[0m
2022.06.19 17:12:31 INFO  [info] set current project to MyList (in build file:/home/max/scala1/mylist/)[0m
2022.06.19 17:12:36 INFO  [success] Generated .bloop/root-test.json[0m
2022.06.19 17:12:36 INFO  [success] Generated .bloop/root.json[0m
2022.06.19 17:12:36 INFO  [success] Total time: 3 s, completed Jun 19, 2022 5:12:36 PM[0m
2022.06.19 17:12:37 INFO  time: ran 'sbt bloopInstall' in 2m[0m
2022.06.19 17:12:37 INFO  Attempting to connect to the build server...[0m
Jun 19, 2022 5:12:40 PM org.eclipse.lsp4j.jsonrpc.RemoteEndpoint handleCancellation
WARNING: Unmatched cancel notification for request id 48
2022.06.19 17:12:50 WARN  no build target for: /home/max/scala1/mylist/src/main/scala/Main.scala[0m
2022.06.19 17:12:53 WARN  no build target for: /home/max/scala1/mylist/src/test/scala/MySuite.scala[0m
2022.06.19 17:12:53 WARN  no build target for: /home/max/scala1/mylist/src/test/scala/MySuite.scala[0m
2022.06.19 17:12:55 INFO  time: code lens generation in 1.88s[0m
2022.06.19 17:12:57 INFO  tracing is disabled for protocol BSP, to enable tracing of incoming and outgoing JSON messages create an empty file at /home/max/scala1/mylist/.metals/bsp.trace.json or /home/max/.cache/metals/bsp.trace.json[0m
2022.06.19 17:13:00 INFO  Attempting to connect to the build server...[0m
2022.06.19 17:13:00 INFO  tracing is disabled for protocol BSP, to enable tracing of incoming and outgoing JSON messages create an empty file at /home/max/scala1/mylist/project/.metals/bsp.trace.json or /home/max/.cache/metals/bsp.trace.json[0m
2022.06.19 17:13:01 INFO  time: Connected to build server in 24s[0m
2022.06.19 17:13:01 INFO  Connected to Build server: Bloop v1.5.0-22-91111c15[0m
2022.06.19 17:13:01 INFO  running '/home/max/.cache/coursier/arc/https/github.com/AdoptOpenJDK/openjdk8-binaries/releases/download/jdk8u292-b10/OpenJDK8U-jdk_x64_linux_hotspot_8u292b10.tar.gz/jdk8u292-b10/bin/java -Djline.terminal=jline.UnsupportedTerminal -Dsbt.log.noformat=true -Dfile.encoding=UTF-8 -jar /tmp/metals671007426498325625/sbt-launch.jar -Dbloop.export-jar-classifiers=sources bloopInstall'[0m
2022.06.19 17:13:02 INFO  time: Imported build in 0.84s[0m
2022.06.19 17:13:18 INFO  [info] welcome to sbt 1.6.2 (AdoptOpenJDK Java 1.8.0_292)[0m
2022.06.19 17:13:31 INFO  [info] loading settings for project mylist-build-build from metals.sbt ...[0m
2022.06.19 17:13:34 INFO  time: indexed workspace in 32s[0m
2022.06.19 17:13:42 INFO  [info] loading project definition from /home/max/scala1/mylist/project/project[0m
2022.06.19 17:13:42 INFO  compiling root (1 scala source)[0m
2022.06.19 17:13:58 INFO  [info] loading settings for project mylist-build from metals.sbt ...[0m
2022.06.19 17:14:00 INFO  [info] loading project definition from /home/max/scala1/mylist/project[0m
2022.06.19 17:14:37 INFO  [success] Generated .bloop/mylist-build.json[0m
2022.06.19 17:14:38 INFO  [success] Total time: 38 s, completed Jun 19, 2022 5:14:38 PM[0m
2022.06.19 17:14:42 INFO  [info] loading settings for project root from build.sbt ...[0m
2022.06.19 17:14:44 INFO  [info] set current project to MyList (in build file:/home/max/scala1/mylist/)[0m
2022.06.19 17:14:48 INFO  user cancelled sbt bloopInstall[0m
2022.06.19 17:14:48 INFO  time: ran 'sbt bloopInstall' in 1m46s[0m
2022.06.19 17:14:49 INFO  Disconnecting from Bloop session...[0m
2022.06.19 17:14:49 INFO  Shut down connection with build server.[0m
2022.06.19 17:14:48 INFO  Shut down connection with build server.[0m
2022.06.19 17:14:49 INFO  Attempting to connect to the build server...[0m
2022.06.19 17:14:49 INFO  Attempting to connect to the build server...[0m
2022.06.19 17:14:49 ERROR Unexpected error initializing serverscala.meta.internal.metals.MetalsBspException: BSP connection failed in the attempt to get: CompileResult.  Boxed Exception
	at scala.meta.internal.metals.BuildServerConnection$$anonfun$1.$anonfun$applyOrElse$4(BuildServerConnection.scala:300)
	at scala.Option.getOrElse(Option.scala:201)
	at scala.meta.internal.metals.BuildServerConnection$$anonfun$1.applyOrElse(BuildServerConnection.scala:298)
	at scala.meta.internal.metals.BuildServerConnection$$anonfun$1.applyOrElse(BuildServerConnection.scala:286)
	at scala.concurrent.impl.Promise$Transformation.run(Promise.scala:490)
	at java.util.concurrent.ThreadPoolExecutor.runWorker(ThreadPoolExecutor.java:1149)
	at java.util.concurrent.ThreadPoolExecutor$Worker.run(ThreadPoolExecutor.java:624)
	at java.lang.Thread.run(Thread.java:748)
[0m
2022.06.19 17:14:49 INFO  tracing is disabled for protocol BSP, to enable tracing of incoming and outgoing JSON messages create an empty file at /home/max/scala1/mylist/.metals/bsp.trace.json or /home/max/.cache/metals/bsp.trace.json[0m
2022.06.19 17:14:50 INFO  tracing is disabled for protocol BSP, to enable tracing of incoming and outgoing JSON messages create an empty file at /home/max/scala1/mylist/.metals/bsp.trace.json or /home/max/.cache/metals/bsp.trace.json[0m
2022.06.19 17:14:49 INFO  Attempting to connect to the build server...[0m
2022.06.19 17:14:50 INFO  Attempting to connect to the build server...[0m
2022.06.19 17:14:50 INFO  tracing is disabled for protocol BSP, to enable tracing of incoming and outgoing JSON messages create an empty file at /home/max/scala1/mylist/project/.metals/bsp.trace.json or /home/max/.cache/metals/bsp.trace.json[0m
2022.06.19 17:14:50 INFO  tracing is disabled for protocol BSP, to enable tracing of incoming and outgoing JSON messages create an empty file at /home/max/scala1/mylist/project/.metals/bsp.trace.json or /home/max/.cache/metals/bsp.trace.json[0m
2022.06.19 17:14:50 INFO  time: Connected to build server in 0.91s[0m
2022.06.19 17:14:50 INFO  time: Connected to build server in 0.96s[0m
2022.06.19 17:14:50 INFO  Connected to Build server: Bloop v1.5.0-22-91111c15[0m
2022.06.19 17:14:50 INFO  Connected to Build server: Bloop v1.5.0-22-91111c15[0m
2022.06.19 17:14:51 INFO  time: Imported build in 0.65s[0m
2022.06.19 17:14:51 INFO  time: Imported build in 0.66s[0m
2022.06.19 17:14:55 INFO  time: indexed workspace in 4.59s[0m
2022.06.19 17:14:55 INFO  time: indexed workspace in 4.7s[0m
2022.06.19 17:14:56 INFO  compiling root (1 scala source)[0m
error: /home/max/scala1/mylist/.metals/.tmp/.metals/.tmp/Main1274241490920594325.scala is not a file
error: /home/max/scala1/mylist/.metals/.tmp/.metals/.tmp/Main7450809151921604232.scala is not a file
error: /home/max/scala1/mylist/.metals/.tmp/.metals/.tmp/Main1274241490920594325.scala is not a file
2022.06.19 17:15:07 INFO  compiling root-test (1 scala source)[0m
2022.06.19 17:15:09 INFO  time: compiled root in 13s[0m
2022.06.19 17:15:21 INFO  time: compiled root-test in 14s[0m
2022.06.19 17:15:30 INFO  tracing is disabled for protocol dap-server, to enable tracing of incoming and outgoing JSON messages create an empty file at /home/max/scala1/mylist/.metals/dap-server.trace.json or /home/max/.cache/metals/dap-server.trace.json[0m
2022.06.19 17:15:31 INFO  tracing is disabled for protocol dap-client, to enable tracing of incoming and outgoing JSON messages create an empty file at /home/max/scala1/mylist/.metals/dap-client.trace.json or /home/max/.cache/metals/dap-client.trace.json[0m
2022.06.19 17:15:31 INFO  Starting debug proxy for [MySuite()][0m
2022.06.19 17:15:39 INFO  Trying to attach to remote debuggee VM localhost:42741 .[0m
2022.06.19 17:15:39 INFO  Attaching to debuggee VM succeeded.[0m
2022.06.19 17:15:45 INFO  Canceling debug proxy for [MySuite()][0m
2022.06.19 17:15:45 INFO  Closing debug server tcp://0.0.0.0:42945[0m
2022.06.19 17:16:04 INFO  shutting down Metals[0m
2022.06.19 17:16:04 INFO  Shut down connection with build server.[0m
2022.06.19 17:16:04 INFO  Shut down connection with build server.[0m
